Using pre-set license
Built from 'trunk' branch; Version is '2023.3.0a5 (184a44300b92) revision 1591876'; Using compiler version '193431935'; Build Type 'Release'
OS: 'Windows 11  (10.0.22000) 64bit Core' Language: 'en' Physical Memory: 16160 MB
BatchMode: 1, IsHumanControllingUs: 0, StartBugReporterOnCrash: 0, Is64bit: 1, IsPro: 1

COMMAND LINE ARGUMENTS:
C:\Program Files\Unity\Hub\Editor\2023.3.0a5\Editor\Unity.exe
-adb2
-batchMode
-noUpm
-name
AssetImportWorker13
-projectPath
C:/Users/johns/OneDrive/Documents/GitHub/OpenYandere
-logFile
Logs/AssetImportWorker13.log
-srvPort
19760
-job-worker-count
5
-background-job-worker-count
8
-asset-garbage-collectors
1
Successfully changed project path to: C:/Users/johns/OneDrive/Documents/GitHub/OpenYandere
C:/Users/johns/OneDrive/Documents/GitHub/OpenYandere
[UnityMemory] Configuration Parameters - Can be set up in boot.config
    "memorysetup-bucket-allocator-granularity=16"
    "memorysetup-bucket-allocator-bucket-count=8"
    "memorysetup-bucket-allocator-block-size=33554432"
    "memorysetup-bucket-allocator-block-count=8"
    "memorysetup-main-allocator-block-size=16777216"
    "memorysetup-thread-allocator-block-size=16777216"
    "memorysetup-gfx-main-allocator-block-size=16777216"
    "memorysetup-gfx-thread-allocator-block-size=16777216"
    "memorysetup-cache-allocator-block-size=4194304"
    "memorysetup-typetree-allocator-block-size=2097152"
    "memorysetup-profiler-bucket-allocator-granularity=16"
    "memorysetup-profiler-bucket-allocator-bucket-count=8"
    "memorysetup-profiler-bucket-allocator-block-size=33554432"
    "memorysetup-profiler-bucket-allocator-block-count=8"
    "memorysetup-profiler-allocator-block-size=16777216"
    "memorysetup-profiler-editor-allocator-block-size=1048576"
    "memorysetup-temp-allocator-size-main=16777216"
    "memorysetup-job-temp-allocator-block-size=2097152"
    "memorysetup-job-temp-allocator-block-size-background=1048576"
    "memorysetup-job-temp-allocator-reduction-small-platforms=262144"
    "memorysetup-allocator-temp-initial-block-size-main=262144"
    "memorysetup-allocator-temp-initial-block-size-worker=262144"
    "memorysetup-temp-allocator-size-background-worker=32768"
    "memorysetup-temp-allocator-size-job-worker=262144"
    "memorysetup-temp-allocator-size-preload-manager=33554432"
    "memorysetup-temp-allocator-size-nav-mesh-worker=65536"
    "memorysetup-temp-allocator-size-audio-worker=65536"
    "memorysetup-temp-allocator-size-cloud-worker=32768"
    "memorysetup-temp-allocator-size-gi-baking-worker=262144"
    "memorysetup-temp-allocator-size-gi-baking-worker=262144"
    "memorysetup-temp-allocator-size-gi-baking-worker=262144"
    "memorysetup-temp-allocator-size-gi-baking-worker=262144"
    "memorysetup-temp-allocator-size-gi-baking-worker=262144"
    "memorysetup-temp-allocator-size-gfx=262144"
Player connection [11840] Host "[IP] 192.168.189.1 [Port] 0 [Flags] 2 [Guid] 2060083079 [EditorId] 2060083079 [Version] 1048832 [Id] WindowsEditor(7,dang) [Debug] 1 [PackageName] WindowsEditor [ProjectName] Editor" joined multi-casting on [225.0.0.222:54997]...
Player connection [11840] Host "[IP] 192.168.189.1 [Port] 0 [Flags] 2 [Guid] 2060083079 [EditorId] 2060083079 [Version] 1048832 [Id] WindowsEditor(7,dang) [Debug] 1 [PackageName] WindowsEditor [ProjectName] Editor" joined alternative multi-casting on [225.0.0.222:34997]...
JobSystem: Creating JobQueue using job-worker-count value 5
[Physics::Module] Initialized MultithreadedJobDispatcher with 5 workers.
Library Redirect Path: Library/
Refreshing native plugins compatible for Editor in 5.64 ms, found 2 plugins.
Preloading 0 native plugins for Editor in 0.00 ms.
Initialize engine version: 2023.3.0a5 (184a44300b92)
[Subsystems] Discovering subsystems at path C:/Program Files/Unity/Hub/Editor/2023.3.0a5/Editor/Data/Resources/UnitySubsystems
[Subsystems] Discovering subsystems at path C:/Users/johns/OneDrive/Documents/GitHub/OpenYandere/Assets
GfxDevice: creating device client; kGfxThreadingModeNonThreaded
Direct3D:
    Version:  Direct3D 11.0 [level 11.1]
    Renderer: NVIDIA GeForce GTX 1650 (ID=0x1f99)
    Vendor:   NVIDIA
    VRAM:     3950 MB
    Driver:   31.0.15.2852
Initialize mono
Mono path[0] = 'C:/Program Files/Unity/Hub/Editor/2023.3.0a5/Editor/Data/Managed'
Mono path[1] = 'C:/Program Files/Unity/Hub/Editor/2023.3.0a5/Editor/Data/MonoBleedingEdge/lib/mono/unityjit-win32'
Mono config path = 'C:/Program Files/Unity/Hub/Editor/2023.3.0a5/Editor/Data/MonoBleedingEdge/etc'
Using monoOptions --debugger-agent=transport=dt_socket,embedding=1,server=y,suspend=n,address=127.0.0.1:56884
Begin MonoManager ReloadAssembly
C:\build\output\Unity-Technologies\mono\mono\metadata\icall.c:1842:
C:\build\output\Unity-Technologies\mono\mono\metadata\icall.c:1842:
C:\build\output\Unity-Technologies\mono\mono\metadata\icall.c:1842:
C:\build\output\Unity-Technologies\mono\mono\metadata\icall.c:1842:
C:\build\output\Unity-Technologies\mono\mono\metadata\icall.c:1842:
C:\build\output\Unity-Technologies\mono\mono\metadata\icall.c:1842:
C:\build\output\Unity-Technologies\mono\mono\metadata\icall.c:1842:
C:\build\output\Unity-Technologies\mono\mono\metadata\icall.c:1842:
C:\build\output\Unity-Technologies\mono\mono\metadata\icall.c:1842:
C:\build\output\Unity-Technologies\mono\mono\metadata\icall.c:1842:
Registering precompiled unity dll's ...
Register platform support module: C:/Program Files/Unity/Hub/Editor/2023.3.0a5/Editor/Data/PlaybackEngines/WindowsStandaloneSupport/UnityEditor.WindowsStandalone.Extensions.dll
Registered in 0.002702 seconds.
- Loaded All Assemblies, in  0.415 seconds
Native extension for WindowsStandalone target not found
Mono: successfully reloaded assembly
C:\build\output\Unity-Technologies\mono\mono\metadata\icall.c:1842:
C:\build\output\Unity-Technologies\mono\mono\metadata\icall.c:1842:
- Finished resetting the current domain, in  0.343 seconds
Domain Reload Profiling: 756ms
	BeginReloadAssembly (130ms)
		ExecutionOrderSort (0ms)
		DisableScriptedObjects (0ms)
		BackupInstance (0ms)
		ReleaseScriptingObjects (0ms)
		CreateAndSetChildDomain (1ms)
	RebuildCommonClasses (37ms)
	RebuildNativeTypeToScriptingClass (13ms)
	initialDomainReloadingComplete (49ms)
	LoadAllAssembliesAndSetupDomain (183ms)
		LoadAssemblies (127ms)
		RebuildTransferFunctionScriptingTraits (0ms)
		AnalyzeDomain (181ms)
			TypeCache.Refresh (180ms)
				TypeCache.ScanAssembly (163ms)
			BuildScriptInfoCaches (0ms)
			ResolveRequiredComponents (1ms)
	FinalizeReload (343ms)
		ReleaseScriptCaches (0ms)
		RebuildScriptCaches (0ms)
		SetupLoadedEditorAssemblies (280ms)
			LogAssemblyErrors (0ms)
			InitializePlatformSupportModulesInManaged (10ms)
			SetLoadedEditorAssemblies (6ms)
			BeforeProcessingInitializeOnLoad (8ms)
			ProcessInitializeOnLoadAttributes (196ms)
			ProcessInitializeOnLoadMethodAttributes (59ms)
			AfterProcessingInitializeOnLoad (0ms)
			EditorAssembliesLoaded (0ms)
		ExecutionOrderSort2 (0ms)
		AwakeInstancesAfterBackupRestoration (0ms)
========================================================================
Worker process is ready to serve import requests
Import Worker Mode flag is 0x00
Begin MonoManager ReloadAssembly
C:\build\output\Unity-Technologies\mono\mono\metadata\icall.c:1842:
C:\build\output\Unity-Technologies\mono\mono\metadata\icall.c:1842:
C:\build\output\Unity-Technologies\mono\mono\metadata\icall.c:1842:
C:\build\output\Unity-Technologies\mono\mono\metadata\icall.c:1842:
C:\build\output\Unity-Technologies\mono\mono\metadata\icall.c:1842:
C:\build\output\Unity-Technologies\mono\mono\metadata\icall.c:1842:
C:\build\output\Unity-Technologies\mono\mono\metadata\icall.c:1842:
C:\build\output\Unity-Technologies\mono\mono\metadata\icall.c:1842:
C:\build\output\Unity-Technologies\mono\mono\metadata\icall.c:1842:
C:\build\output\Unity-Technologies\mono\mono\metadata\icall.c:1842:
C:\build\output\Unity-Technologies\mono\mono\metadata\icall.c:1842:
C:\build\output\Unity-Technologies\mono\mono\metadata\icall.c:1842:
Symbol file LoadedFromMemory is not a mono symbol file
- Loaded All Assemblies, in  1.019 seconds
Refreshing native plugins compatible for Editor in 4.49 ms, found 2 plugins.
Native extension for WindowsStandalone target not found
[MODES] ModeService[none].Initialize
[MODES] ModeService[none].LoadModes
[MODES] Loading mode Default (0) for mode-current-id-OpenYandere
Mono: successfully reloaded assembly
- Finished resetting the current domain, in  1.143 seconds
Domain Reload Profiling: 2157ms
	BeginReloadAssembly (333ms)
		ExecutionOrderSort (0ms)
		DisableScriptedObjects (3ms)
		BackupInstance (0ms)
		ReleaseScriptingObjects (0ms)
		CreateAndSetChildDomain (33ms)
	RebuildCommonClasses (37ms)
	RebuildNativeTypeToScriptingClass (12ms)
	initialDomainReloadingComplete (39ms)
	LoadAllAssembliesAndSetupDomain (591ms)
		LoadAssemblies (460ms)
		RebuildTransferFunctionScriptingTraits (0ms)
		AnalyzeDomain (232ms)
			TypeCache.Refresh (178ms)
				TypeCache.ScanAssembly (157ms)
			BuildScriptInfoCaches (40ms)
			ResolveRequiredComponents (12ms)
	FinalizeReload (1144ms)
		ReleaseScriptCaches (0ms)
		RebuildScriptCaches (0ms)
		SetupLoadedEditorAssemblies (885ms)
			LogAssemblyErrors (0ms)
			InitializePlatformSupportModulesInManaged (2ms)
			SetLoadedEditorAssemblies (8ms)
			BeforeProcessingInitializeOnLoad (149ms)
			ProcessInitializeOnLoadAttributes (509ms)
			ProcessInitializeOnLoadMethodAttributes (211ms)
			AfterProcessingInitializeOnLoad (6ms)
			EditorAssembliesLoaded (1ms)
		ExecutionOrderSort2 (0ms)
		AwakeInstancesAfterBackupRestoration (7ms)
Launched and connected shader compiler UnityShaderCompiler.exe after 0.01 seconds
Refreshing native plugins compatible for Editor in 4.46 ms, found 2 plugins.
Preloading 0 native plugins for Editor in 0.00 ms.
Unloading 242 Unused Serialized files (Serialized files now loaded: 0)
Unloading 5593 unused Assets / (6.7 MB). Loaded Objects now: 6297.
Memory consumption went from 199.6 MB to 192.9 MB.
Total: 12.647300 ms (FindLiveObjects: 0.649700 ms CreateObjectMapping: 0.863800 ms MarkObjects: 8.258300 ms  DeleteObjects: 2.874600 ms)

========================================================================
Received Import Request.
  Time since last request: 28963.446145 seconds.
  path: Assets/OpenYandere/Models/Characters/Aoi/_Textures/f02_apron_00_m.png
  artifactKey: Guid(1790c2000c63d934bbeedfc5f557abed) Importer(815301076,1909f56bfc062723c751e8b465ee728b)
Start importing Assets/OpenYandere/Models/Characters/Aoi/_Textures/f02_apron_00_m.png using Guid(1790c2000c63d934bbeedfc5f557abed) Importer(815301076,1909f56bfc062723c751e8b465ee728b) (PreviewImporter) -> (artifact id: '7b41572b67e971db461b5e29364b33c0') in 0.1011356 seconds
Number of updated asset objects reloaded before import = 0Number of asset objects unloaded after import = 2

========================================================================
Received Import Request.
  Time since last request: 0.000041 seconds.
  path: Assets/OpenYandere/Models/Characters/Aoi/_Textures/f02_blazer_000_m.png
  artifactKey: Guid(ef99ca39ee226a44a9d389bd419402e2) Importer(815301076,1909f56bfc062723c751e8b465ee728b)
Start importing Assets/OpenYandere/Models/Characters/Aoi/_Textures/f02_blazer_000_m.png using Guid(ef99ca39ee226a44a9d389bd419402e2) Importer(815301076,1909f56bfc062723c751e8b465ee728b) (PreviewImporter) -> (artifact id: '90d907e959e44e0f8a86ba92e7d251a7') in 0.0235627 seconds
Number of updated asset objects reloaded before import = 0Number of asset objects unloaded after import = 2

========================================================================
Received Import Request.
  Time since last request: 0.000036 seconds.
  path: Assets/OpenYandere/Models/Characters/Aoi/_Textures/f02_blazer_020_l.png
  artifactKey: Guid(a291765f63227e949bbaa92a61716886) Importer(815301076,1909f56bfc062723c751e8b465ee728b)
Start importing Assets/OpenYandere/Models/Characters/Aoi/_Textures/f02_blazer_020_l.png using Guid(a291765f63227e949bbaa92a61716886) Importer(815301076,1909f56bfc062723c751e8b465ee728b) (PreviewImporter) -> (artifact id: 'fc3400e6742d796539bcdeec8f36b27c') in 0.015856 seconds
Number of updated asset objects reloaded before import = 0Number of asset objects unloaded after import = 2

========================================================================
Received Import Request.
  Time since last request: 0.000017 seconds.
  path: Assets/OpenYandere/Models/Characters/Aoi/_Textures/f02_blazer_100_l.png
  artifactKey: Guid(5b29d662e39c4a34096243327f1e04d6) Importer(815301076,1909f56bfc062723c751e8b465ee728b)
Start importing Assets/OpenYandere/Models/Characters/Aoi/_Textures/f02_blazer_100_l.png using Guid(5b29d662e39c4a34096243327f1e04d6) Importer(815301076,1909f56bfc062723c751e8b465ee728b) (PreviewImporter) -> (artifact id: 'dac8da4b3adac6a098f95651cb1ead3f') in 0.0157215 seconds
Number of updated asset objects reloaded before import = 0Number of asset objects unloaded after import = 2

========================================================================
Received Import Request.
  Time since last request: 0.000036 seconds.
  path: Assets/OpenYandere/Models/Characters/Aoi/_Textures/f02_bathtowel_01_l.png
  artifactKey: Guid(896bb5f1bdc0eb04aa3f8fc098c294af) Importer(815301076,1909f56bfc062723c751e8b465ee728b)
Start importing Assets/OpenYandere/Models/Characters/Aoi/_Textures/f02_bathtowel_01_l.png using Guid(896bb5f1bdc0eb04aa3f8fc098c294af) Importer(815301076,1909f56bfc062723c751e8b465ee728b) (PreviewImporter) -> (artifact id: 'afe542726f940ce1ae17092435e21c70') in 0.0195226 seconds
Number of updated asset objects reloaded before import = 0Number of asset objects unloaded after import = 2

========================================================================
Received Import Request.
  Time since last request: 0.000029 seconds.
  path: Assets/OpenYandere/Models/Characters/Aoi/_Textures/f02_blazer_200_h.png
  artifactKey: Guid(5edeb94ce9ec3d84da34fbc2aa591b8f) Importer(815301076,1909f56bfc062723c751e8b465ee728b)
Start importing Assets/OpenYandere/Models/Characters/Aoi/_Textures/f02_blazer_200_h.png using Guid(5edeb94ce9ec3d84da34fbc2aa591b8f) Importer(815301076,1909f56bfc062723c751e8b465ee728b) (PreviewImporter) -> (artifact id: '1d9cd3e9001e1ae8383038baf412c3ec') in 0.0172107 seconds
Number of updated asset objects reloaded before import = 0Number of asset objects unloaded after import = 2

========================================================================
Received Import Request.
  Time since last request: 0.000023 seconds.
  path: Assets/OpenYandere/Models/Characters/Aoi/_Textures/f02_blazer_200_l.png
  artifactKey: Guid(6eb4305d274d4de4eb435ba995e13d80) Importer(815301076,1909f56bfc062723c751e8b465ee728b)
Start importing Assets/OpenYandere/Models/Characters/Aoi/_Textures/f02_blazer_200_l.png using Guid(6eb4305d274d4de4eb435ba995e13d80) Importer(815301076,1909f56bfc062723c751e8b465ee728b) (PreviewImporter) -> (artifact id: '3d684cbb100999b74ed3cb77f345fbf6') in 0.0172742 seconds
Number of updated asset objects reloaded before import = 0Number of asset objects unloaded after import = 2

========================================================================
Received Import Request.
  Time since last request: 0.000017 seconds.
  path: Assets/OpenYandere/Models/Characters/Aoi/_Textures/f02_blazer_220_m.png
  artifactKey: Guid(3bf951cc5991cd94d9628a631c800a9a) Importer(815301076,1909f56bfc062723c751e8b465ee728b)
Start importing Assets/OpenYandere/Models/Characters/Aoi/_Textures/f02_blazer_220_m.png using Guid(3bf951cc5991cd94d9628a631c800a9a) Importer(815301076,1909f56bfc062723c751e8b465ee728b) (PreviewImporter) -> (artifact id: 'e7ed8df753fbc198ec4b1b7f6659b7d2') in 0.0160351 seconds
Number of updated asset objects reloaded before import = 0Number of asset objects unloaded after import = 2

========================================================================
Received Import Request.
  Time since last request: 0.000017 seconds.
  path: Assets/OpenYandere/Models/Characters/Aoi/_Textures/f02_blazer_310_l.png
  artifactKey: Guid(bc06a6a656c1feb4c99fbccfb035f55b) Importer(815301076,1909f56bfc062723c751e8b465ee728b)
Start importing Assets/OpenYandere/Models/Characters/Aoi/_Textures/f02_blazer_310_l.png using Guid(bc06a6a656c1feb4c99fbccfb035f55b) Importer(815301076,1909f56bfc062723c751e8b465ee728b) (PreviewImporter) -> (artifact id: 'd379e3f02d1c4e7ed9c479c0ee68d56e') in 0.0205769 seconds
Number of updated asset objects reloaded before import = 0Number of asset objects unloaded after import = 2

========================================================================
Received Import Request.
  Time since last request: 0.000039 seconds.
  path: Assets/OpenYandere/Models/Characters/Aoi/_Textures/f02_blazer_120_h.png
  artifactKey: Guid(8d3990c350b072f4f822d7de96448baf) Importer(815301076,1909f56bfc062723c751e8b465ee728b)
Start importing Assets/OpenYandere/Models/Characters/Aoi/_Textures/f02_blazer_120_h.png using Guid(8d3990c350b072f4f822d7de96448baf) Importer(815301076,1909f56bfc062723c751e8b465ee728b) (PreviewImporter) -> (artifact id: 'c91f2cdf7198386b2daf76f77d8e231c') in 0.01701 seconds
Number of updated asset objects reloaded before import = 0Number of asset objects unloaded after import = 2

========================================================================
Received Import Request.
  Time since last request: 0.000027 seconds.
  path: Assets/OpenYandere/Models/Characters/Aoi/_Textures/f02_blazer_100_m.png
  artifactKey: Guid(98c0e3045d34d7d418dc9f2c8ea655bc) Importer(815301076,1909f56bfc062723c751e8b465ee728b)
Start importing Assets/OpenYandere/Models/Characters/Aoi/_Textures/f02_blazer_100_m.png using Guid(98c0e3045d34d7d418dc9f2c8ea655bc) Importer(815301076,1909f56bfc062723c751e8b465ee728b) (PreviewImporter) -> (artifact id: 'fc6f89f56b31dd33fddf72157cd827ea') in 0.0196054 seconds
Number of updated asset objects reloaded before import = 0Number of asset objects unloaded after import = 2

========================================================================
Received Import Request.
  Time since last request: 0.000053 seconds.
  path: Assets/OpenYandere/Models/Characters/Aoi/_Textures/f02_blazer_110_l.png
  artifactKey: Guid(67c2c6c597417714cb6f8cb750ede5cb) Importer(815301076,1909f56bfc062723c751e8b465ee728b)
Start importing Assets/OpenYandere/Models/Characters/Aoi/_Textures/f02_blazer_110_l.png using Guid(67c2c6c597417714cb6f8cb750ede5cb) Importer(815301076,1909f56bfc062723c751e8b465ee728b) (PreviewImporter) -> (artifact id: '998644bbaf00887152bb8b80b65d751b') in 0.0157108 seconds
Number of updated asset objects reloaded before import = 0Number of asset objects unloaded after import = 2

========================================================================
Received Import Request.
  Time since last request: 0.000024 seconds.
  path: Assets/OpenYandere/Models/Characters/Aoi/_Textures/f02_blazer_110_h.png
  artifactKey: Guid(defb431b76e7dde4a99a5d15b7eeae40) Importer(815301076,1909f56bfc062723c751e8b465ee728b)
Start importing Assets/OpenYandere/Models/Characters/Aoi/_Textures/f02_blazer_110_h.png using Guid(defb431b76e7dde4a99a5d15b7eeae40) Importer(815301076,1909f56bfc062723c751e8b465ee728b) (PreviewImporter) -> (artifact id: '604ee91c257c80c2772d370899440762') in 0.0190489 seconds
Number of updated asset objects reloaded before import = 0Number of asset objects unloaded after import = 2

========================================================================
Received Import Request.
  Time since last request: 0.000017 seconds.
  path: Assets/OpenYandere/Models/Characters/Aoi/_Textures/f02_blazer_310_h.png
  artifactKey: Guid(78cd7ffd6ec2dbe45971291ae73af9fc) Importer(815301076,1909f56bfc062723c751e8b465ee728b)
Start importing Assets/OpenYandere/Models/Characters/Aoi/_Textures/f02_blazer_310_h.png using Guid(78cd7ffd6ec2dbe45971291ae73af9fc) Importer(815301076,1909f56bfc062723c751e8b465ee728b) (PreviewImporter) -> (artifact id: 'afd22530984b803db12be66e9c11b2e7') in 0.0213018 seconds
Number of updated asset objects reloaded before import = 0Number of asset objects unloaded after import = 2

========================================================================
Received Import Request.
  Time since last request: 0.000027 seconds.
  path: Assets/OpenYandere/Models/Characters/Aoi/_Materials/f02_bathtowel_00_l_s.mat
  artifactKey: Guid(b96b208a8cf6bd24ba81deb164a11e21) Importer(815301076,1909f56bfc062723c751e8b465ee728b)
Start importing Assets/OpenYandere/Models/Characters/Aoi/_Materials/f02_bathtowel_00_l_s.mat using Guid(b96b208a8cf6bd24ba81deb164a11e21) Importer(815301076,1909f56bfc062723c751e8b465ee728b) (PreviewImporter) -> (artifact id: '151ab42d6d4a48d3b8ea467592d6bd8a') in 0.5238928 seconds
Number of updated asset objects reloaded before import = 0Number of asset objects unloaded after import = 33

========================================================================
Received Import Request.
  Time since last request: 0.000042 seconds.
  path: Assets/OpenYandere/Models/Characters/Aoi/_Materials/f02_blazer_020_l_s.mat
  artifactKey: Guid(fbdbfef5711b633499890c47e188538c) Importer(815301076,1909f56bfc062723c751e8b465ee728b)
Start importing Assets/OpenYandere/Models/Characters/Aoi/_Materials/f02_blazer_020_l_s.mat using Guid(fbdbfef5711b633499890c47e188538c) Importer(815301076,1909f56bfc062723c751e8b465ee728b) (PreviewImporter) -> (artifact id: '3edca8f28831fc80524038c64a9dc374') in 0.0262496 seconds
Number of updated asset objects reloaded before import = 0Number of asset objects unloaded after import = 24

========================================================================
Received Import Request.
  Time since last request: 0.000041 seconds.
  path: Assets/OpenYandere/Models/Characters/Aoi/_Materials/f02_bathtowel_02_m_s.mat
  artifactKey: Guid(d6d6f3eb4958a2146b0072d77a3741dc) Importer(815301076,1909f56bfc062723c751e8b465ee728b)
Start importing Assets/OpenYandere/Models/Characters/Aoi/_Materials/f02_bathtowel_02_m_s.mat using Guid(d6d6f3eb4958a2146b0072d77a3741dc) Importer(815301076,1909f56bfc062723c751e8b465ee728b) (PreviewImporter) -> (artifact id: '14863caa17f6c6d9cb79decc0482731a') in 0.0227366 seconds
Number of updated asset objects reloaded before import = 0Number of asset objects unloaded after import = 24

========================================================================
Received Import Request.
  Time since last request: 0.000037 seconds.
  path: Assets/OpenYandere/Models/Characters/Aoi/_Materials/f02_bathtowel_00_h_c.mat
  artifactKey: Guid(e7fb84526509ea74d8edb191e90d3d9a) Importer(815301076,1909f56bfc062723c751e8b465ee728b)
Start importing Assets/OpenYandere/Models/Characters/Aoi/_Materials/f02_bathtowel_00_h_c.mat using Guid(e7fb84526509ea74d8edb191e90d3d9a) Importer(815301076,1909f56bfc062723c751e8b465ee728b) (PreviewImporter) -> (artifact id: '1a307985c024b1e161b294435fb7b80c') in 0.0223405 seconds
Number of updated asset objects reloaded before import = 0Number of asset objects unloaded after import = 24

========================================================================
Received Import Request.
  Time since last request: 0.000047 seconds.
  path: Assets/OpenYandere/Models/Characters/Aoi/_Materials/f02_blazer_020_l_c.mat
  artifactKey: Guid(6341936b6925fda4fa385fecbf45ef0f) Importer(815301076,1909f56bfc062723c751e8b465ee728b)
Start importing Assets/OpenYandere/Models/Characters/Aoi/_Materials/f02_blazer_020_l_c.mat using Guid(6341936b6925fda4fa385fecbf45ef0f) Importer(815301076,1909f56bfc062723c751e8b465ee728b) (PreviewImporter) -> (artifact id: '2716d41f4b9b802e1582e7c7f947d91b') in 0.0181476 seconds
Number of updated asset objects reloaded before import = 0Number of asset objects unloaded after import = 24

========================================================================
Received Import Request.
  Time since last request: 0.000021 seconds.
  path: Assets/OpenYandere/Models/Characters/Aoi/_Materials/f02_apron_00_h_c.mat
  artifactKey: Guid(6176e832d07848d409786efbad4bd363) Importer(815301076,1909f56bfc062723c751e8b465ee728b)
Start importing Assets/OpenYandere/Models/Characters/Aoi/_Materials/f02_apron_00_h_c.mat using Guid(6176e832d07848d409786efbad4bd363) Importer(815301076,1909f56bfc062723c751e8b465ee728b) (PreviewImporter) -> (artifact id: '003769ac01ab149c3b1b638885470c2e') in 0.0248976 seconds
Number of updated asset objects reloaded before import = 0Number of asset objects unloaded after import = 24

========================================================================
Received Import Request.
  Time since last request: 0.000021 seconds.
  path: Assets/OpenYandere/Models/Characters/Aoi/_Materials/f02_blazer_010_h_c.mat
  artifactKey: Guid(5273d6eb297799c4798dc574a962ee42) Importer(815301076,1909f56bfc062723c751e8b465ee728b)
Start importing Assets/OpenYandere/Models/Characters/Aoi/_Materials/f02_blazer_010_h_c.mat using Guid(5273d6eb297799c4798dc574a962ee42) Importer(815301076,1909f56bfc062723c751e8b465ee728b) (PreviewImporter) -> (artifact id: 'c374566940c31efdc4f7f459060de6a3') in 0.0183241 seconds
Number of updated asset objects reloaded before import = 0Number of asset objects unloaded after import = 24

Editor requested this worker to shutdown with reason: Scaling down because of idle timeout
AssetImportWorker is now disconnected from the server
Process exiting
Exiting without the bug reporter. Application will terminate with return code 0