Using pre-set license
Built from '2023.2/staging' branch; Version is '2023.2.20f1 (0e25a174756c) revision 927137'; Using compiler version '193431935'; Build Type 'Release'
OS: 'Windows 11  (10.0.22631) 64bit Professional' Language: 'pt' Physical Memory: 32634 MB
BatchMode: 1, IsHumanControllingUs: 0, StartBugReporterOnCrash: 0, Is64bit: 1, IsPro: 1

COMMAND LINE ARGUMENTS:
B:\Program Files\Unity\Editor\2023.2.20f1\Editor\Unity.exe
-adb2
-batchMode
-noUpm
-name
AssetImportWorker6
-projectPath
D:/Unity Projects/OpenYandere
-logFile
Logs/AssetImportWorker6.log
-srvPort
51216
-job-worker-count
9
-background-job-worker-count
8
-asset-garbage-collectors
1
Successfully changed project path to: D:/Unity Projects/OpenYandere
D:/Unity Projects/OpenYandere
[UnityMemory] Configuration Parameters - Can be set up in boot.config
    "memorysetup-bucket-allocator-granularity=16"
    "memorysetup-bucket-allocator-bucket-count=8"
    "memorysetup-bucket-allocator-block-size=33554432"
    "memorysetup-bucket-allocator-block-count=8"
    "memorysetup-main-allocator-block-size=16777216"
    "memorysetup-thread-allocator-block-size=16777216"
    "memorysetup-gfx-main-allocator-block-size=16777216"
    "memorysetup-gfx-thread-allocator-block-size=16777216"
    "memorysetup-cache-allocator-block-size=4194304"
    "memorysetup-typetree-allocator-block-size=2097152"
    "memorysetup-profiler-bucket-allocator-granularity=16"
    "memorysetup-profiler-bucket-allocator-bucket-count=8"
    "memorysetup-profiler-bucket-allocator-block-size=33554432"
    "memorysetup-profiler-bucket-allocator-block-count=8"
    "memorysetup-profiler-allocator-block-size=16777216"
    "memorysetup-profiler-editor-allocator-block-size=1048576"
    "memorysetup-temp-allocator-size-main=16777216"
    "memorysetup-job-temp-allocator-block-size=2097152"
    "memorysetup-job-temp-allocator-block-size-background=1048576"
    "memorysetup-job-temp-allocator-reduction-small-platforms=262144"
    "memorysetup-allocator-temp-initial-block-size-main=262144"
    "memorysetup-allocator-temp-initial-block-size-worker=262144"
    "memorysetup-temp-allocator-size-background-worker=32768"
    "memorysetup-temp-allocator-size-job-worker=262144"
    "memorysetup-temp-allocator-size-preload-manager=33554432"
    "memorysetup-temp-allocator-size-nav-mesh-worker=65536"
    "memorysetup-temp-allocator-size-audio-worker=65536"
    "memorysetup-temp-allocator-size-cloud-worker=32768"
    "memorysetup-temp-allocator-size-gi-baking-worker=262144"
    "memorysetup-temp-allocator-size-gi-baking-worker=262144"
    "memorysetup-temp-allocator-size-gi-baking-worker=262144"
    "memorysetup-temp-allocator-size-gi-baking-worker=262144"
    "memorysetup-temp-allocator-size-gfx=262144"
Player connection [24980] Host "[IP] 172.23.32.1 [Port] 0 [Flags] 2 [Guid] 1081542638 [EditorId] 1081542638 [Version] 1048832 [Id] WindowsEditor(7,Rotwang) [Debug] 1 [PackageName] WindowsEditor [ProjectName] Editor" joined multi-casting on [225.0.0.222:54997]...
Player connection [24980] Host "[IP] 172.23.32.1 [Port] 0 [Flags] 2 [Guid] 1081542638 [EditorId] 1081542638 [Version] 1048832 [Id] WindowsEditor(7,Rotwang) [Debug] 1 [PackageName] WindowsEditor [ProjectName] Editor" joined alternative multi-casting on [225.0.0.222:34997]...
JobSystem: Creating JobQueue using job-worker-count value 9
[Physics::Module] Initialized MultithreadedJobDispatcher with 9 workers.
Library Redirect Path: Library/
Refreshing native plugins compatible for Editor in 156.49 ms, found 8 plugins.
Preloading 0 native plugins for Editor in 0.00 ms.
Initialize engine version: 2023.2.20f1 (0e25a174756c)
[Subsystems] Discovering subsystems at path B:/Program Files/Unity/Editor/2023.2.20f1/Editor/Data/Resources/UnitySubsystems
[Subsystems] Discovering subsystems at path D:/Unity Projects/OpenYandere/Assets
GfxDevice: creating device client; kGfxThreadingModeNonThreaded
Direct3D:
    Version:  Direct3D 11.0 [level 11.1]
    Renderer: NVIDIA GeForce RTX 3060 (ID=0x2487)
    Vendor:   NVIDIA
    VRAM:     12124 MB
    Driver:   31.0.15.4633
Initialize mono
Mono path[0] = 'B:/Program Files/Unity/Editor/2023.2.20f1/Editor/Data/Managed'
Mono path[1] = 'B:/Program Files/Unity/Editor/2023.2.20f1/Editor/Data/MonoBleedingEdge/lib/mono/unityjit-win32'
Mono config path = 'B:/Program Files/Unity/Editor/2023.2.20f1/Editor/Data/MonoBleedingEdge/etc'
Using monoOptions --debugger-agent=transport=dt_socket,embedding=1,server=y,suspend=n,address=127.0.0.1:56756
Begin MonoManager ReloadAssembly
Registering precompiled unity dll's ...
Register platform support module: B:/Program Files/Unity/Editor/2023.2.20f1/Editor/Data/PlaybackEngines/WindowsStandaloneSupport/UnityEditor.WindowsStandalone.Extensions.dll
Registered in 0.002165 seconds.
- Loaded All Assemblies, in  0.656 seconds
Native extension for WindowsStandalone target not found
Mono: successfully reloaded assembly
- Finished resetting the current domain, in  0.282 seconds
Domain Reload Profiling: 938ms
	BeginReloadAssembly (142ms)
		ExecutionOrderSort (0ms)
		DisableScriptedObjects (0ms)
		BackupInstance (0ms)
		ReleaseScriptingObjects (0ms)
		CreateAndSetChildDomain (1ms)
	RebuildCommonClasses (160ms)
	RebuildNativeTypeToScriptingClass (12ms)
	initialDomainReloadingComplete (39ms)
	LoadAllAssembliesAndSetupDomain (301ms)
		LoadAssemblies (142ms)
		RebuildTransferFunctionScriptingTraits (0ms)
		AnalyzeDomain (299ms)
			TypeCache.Refresh (297ms)
				TypeCache.ScanAssembly (285ms)
			BuildScriptInfoCaches (0ms)
			ResolveRequiredComponents (0ms)
	FinalizeReload (283ms)
		ReleaseScriptCaches (0ms)
		RebuildScriptCaches (0ms)
		SetupLoadedEditorAssemblies (228ms)
			LogAssemblyErrors (0ms)
			InitializePlatformSupportModulesInManaged (7ms)
			SetLoadedEditorAssemblies (5ms)
			BeforeProcessingInitializeOnLoad (6ms)
			ProcessInitializeOnLoadAttributes (164ms)
			ProcessInitializeOnLoadMethodAttributes (45ms)
			AfterProcessingInitializeOnLoad (0ms)
			EditorAssembliesLoaded (0ms)
		ExecutionOrderSort2 (0ms)
		AwakeInstancesAfterBackupRestoration (0ms)
========================================================================
Worker process is ready to serve import requests
Import Worker Mode flag is 0x00
Begin MonoManager ReloadAssembly
Symbol file LoadedFromMemory doesn't match image D:\Unity Projects\OpenYandere\Library\PackageCache\com.unity.visualscripting@1.8.0\Editor\VisualScripting.Core\Dependencies\YamlDotNet\Unity.VisualScripting.YamlDotNet.dll
Symbol file LoadedFromMemory doesn't match image D:\Unity Projects\OpenYandere\Library\PackageCache\com.unity.visualscripting@1.8.0\Editor\VisualScripting.Core\Dependencies\DotNetZip\Unity.VisualScripting.IonicZip.dll
Symbol file LoadedFromMemory is not a mono symbol file
- Loaded All Assemblies, in  1.527 seconds
Refreshing native plugins compatible for Editor in 3.62 ms, found 8 plugins.
Native extension for WindowsStandalone target not found
[MODES] ModeService[none].Initialize
[MODES] ModeService[none].LoadModes
[MODES] Loading mode Default (0) for mode-current-id-OpenYandere
Refreshing native plugins compatible for Editor in 3.98 ms, found 8 plugins.
Mono: successfully reloaded assembly
- Finished resetting the current domain, in  1.232 seconds
Domain Reload Profiling: 2758ms
	BeginReloadAssembly (857ms)
		ExecutionOrderSort (0ms)
		DisableScriptedObjects (6ms)
		BackupInstance (0ms)
		ReleaseScriptingObjects (0ms)
		CreateAndSetChildDomain (27ms)
	RebuildCommonClasses (33ms)
	RebuildNativeTypeToScriptingClass (12ms)
	initialDomainReloadingComplete (32ms)
	LoadAllAssembliesAndSetupDomain (592ms)
		LoadAssemblies (408ms)
		RebuildTransferFunctionScriptingTraits (0ms)
		AnalyzeDomain (305ms)
			TypeCache.Refresh (243ms)
				TypeCache.ScanAssembly (188ms)
			BuildScriptInfoCaches (47ms)
			ResolveRequiredComponents (13ms)
	FinalizeReload (1233ms)
		ReleaseScriptCaches (0ms)
		RebuildScriptCaches (0ms)
		SetupLoadedEditorAssemblies (766ms)
			LogAssemblyErrors (0ms)
			InitializePlatformSupportModulesInManaged (2ms)
			SetLoadedEditorAssemblies (7ms)
			BeforeProcessingInitializeOnLoad (72ms)
			ProcessInitializeOnLoadAttributes (468ms)
			ProcessInitializeOnLoadMethodAttributes (216ms)
			AfterProcessingInitializeOnLoad (1ms)
			EditorAssembliesLoaded (0ms)
		ExecutionOrderSort2 (0ms)
		AwakeInstancesAfterBackupRestoration (8ms)
Launched and connected shader compiler UnityShaderCompiler.exe after 0.03 seconds
Refreshing native plugins compatible for Editor in 5.34 ms, found 8 plugins.
Preloading 0 native plugins for Editor in 0.00 ms.
Unloading 270 Unused Serialized files (Serialized files now loaded: 0)
Unloading 7821 unused Assets / (9.0 MB). Loaded Objects now: 8552.
Memory consumption went from 219.0 MB to 210.0 MB.
Total: 16.728200 ms (FindLiveObjects: 0.941500 ms CreateObjectMapping: 1.461000 ms MarkObjects: 9.035100 ms  DeleteObjects: 5.289800 ms)

========================================================================
Received Import Request.
  Time since last request: 11994.122443 seconds.
  path: Assets/OpenYandere/Prefabs/Interactions/SquareOutline.prefab
  artifactKey: Guid(54472835d295f0a40a3e5b65669712d6) Importer(815301076,1909f56bfc062723c751e8b465ee728b)
Start importing Assets/OpenYandere/Prefabs/Interactions/SquareOutline.prefab using Guid(54472835d295f0a40a3e5b65669712d6) Importer(815301076,1909f56bfc062723c751e8b465ee728b) (PreviewImporter) -> (artifact id: '0e50ab8fff4dce0c01bc4ce0a276167e') in 0.040876 seconds
Number of updated asset objects reloaded before import = 0Number of asset objects unloaded after import = 9

========================================================================
Received Import Request.
  Time since last request: 6.733612 seconds.
  path: Assets/OpenYandere/Models/Characters/Aoi/Mecanim/Models/f02_apron_00_l.fbx
  artifactKey: Guid(ee95f608bbdd6bb43b374c8d5090475a) Importer(815301076,1909f56bfc062723c751e8b465ee728b)
Start importing Assets/OpenYandere/Models/Characters/Aoi/Mecanim/Models/f02_apron_00_l.fbx using Guid(ee95f608bbdd6bb43b374c8d5090475a) Importer(815301076,1909f56bfc062723c751e8b465ee728b) (PreviewImporter) -> (artifact id: 'efce95b679c32125101d0c161739fadb') in 0.3670835 seconds
Number of updated asset objects reloaded before import = 0Number of asset objects unloaded after import = 344

========================================================================
Received Import Request.
  Time since last request: 0.000046 seconds.
  path: Assets/OpenYandere/Models/Characters/Aoi/Mecanim/Models/f02_blazer_110_m.fbx
  artifactKey: Guid(c550feac19955324cba398f1513a1be0) Importer(815301076,1909f56bfc062723c751e8b465ee728b)
Start importing Assets/OpenYandere/Models/Characters/Aoi/Mecanim/Models/f02_blazer_110_m.fbx using Guid(c550feac19955324cba398f1513a1be0) Importer(815301076,1909f56bfc062723c751e8b465ee728b) (PreviewImporter) -> (artifact id: 'ff0ed697b4023bbbd406f981663eee52') in 0.0334007 seconds
Number of updated asset objects reloaded before import = 0Number of asset objects unloaded after import = 344

========================================================================
Received Import Request.
  Time since last request: 0.000065 seconds.
  path: Assets/OpenYandere/Models/Characters/Aoi/Mecanim/Models/f02_blazer_110_h.fbx
  artifactKey: Guid(211b67c3d642def489e8a42e0fd4194b) Importer(815301076,1909f56bfc062723c751e8b465ee728b)
Start importing Assets/OpenYandere/Models/Characters/Aoi/Mecanim/Models/f02_blazer_110_h.fbx using Guid(211b67c3d642def489e8a42e0fd4194b) Importer(815301076,1909f56bfc062723c751e8b465ee728b) (PreviewImporter) -> (artifact id: '8ede9c04a853721ee4422625ddb58156') in 0.0457568 seconds
Number of updated asset objects reloaded before import = 0Number of asset objects unloaded after import = 347

========================================================================
Received Import Request.
  Time since last request: 0.000041 seconds.
  path: Assets/OpenYandere/Models/Characters/Aoi/Mecanim/Models/f02_blazer_010_h.fbx
  artifactKey: Guid(ef0e60acfed7481499306666327c0897) Importer(815301076,1909f56bfc062723c751e8b465ee728b)
Start importing Assets/OpenYandere/Models/Characters/Aoi/Mecanim/Models/f02_blazer_010_h.fbx using Guid(ef0e60acfed7481499306666327c0897) Importer(815301076,1909f56bfc062723c751e8b465ee728b) (PreviewImporter) -> (artifact id: 'e6ae164e0753bbfba78799fe8eaf6ea1') in 0.0335486 seconds
Number of updated asset objects reloaded before import = 0Number of asset objects unloaded after import = 347

========================================================================
Received Import Request.
  Time since last request: 0.000035 seconds.
  path: Assets/OpenYandere/Models/Characters/Aoi/Mecanim/Models/f02_blazer_100_h.fbx
  artifactKey: Guid(038c14da8b0d8124686e49da1513983c) Importer(815301076,1909f56bfc062723c751e8b465ee728b)
Start importing Assets/OpenYandere/Models/Characters/Aoi/Mecanim/Models/f02_blazer_100_h.fbx using Guid(038c14da8b0d8124686e49da1513983c) Importer(815301076,1909f56bfc062723c751e8b465ee728b) (PreviewImporter) -> (artifact id: 'c5b825da385a02429a8476cdd740a621') in 0.0340983 seconds
Number of updated asset objects reloaded before import = 0Number of asset objects unloaded after import = 347

========================================================================
Received Import Request.
  Time since last request: 0.000058 seconds.
  path: Assets/OpenYandere/Models/Characters/Aoi/Mecanim/Models/f02_blazer_200_h.fbx
  artifactKey: Guid(fda7db0e96d61da44b44afa02a3f6dd8) Importer(815301076,1909f56bfc062723c751e8b465ee728b)
Start importing Assets/OpenYandere/Models/Characters/Aoi/Mecanim/Models/f02_blazer_200_h.fbx using Guid(fda7db0e96d61da44b44afa02a3f6dd8) Importer(815301076,1909f56bfc062723c751e8b465ee728b) (PreviewImporter) -> (artifact id: 'adc3a45d5d6809bfa0fdf5a811ba2623') in 0.0386734 seconds
Number of updated asset objects reloaded before import = 0Number of asset objects unloaded after import = 347

========================================================================
Received Import Request.
  Time since last request: 0.000059 seconds.
  path: Assets/OpenYandere/Models/Characters/Aoi/Mecanim/Models/f02_blazer_020_m.fbx
  artifactKey: Guid(467b658a27036334aa30939685ce6481) Importer(815301076,1909f56bfc062723c751e8b465ee728b)
Start importing Assets/OpenYandere/Models/Characters/Aoi/Mecanim/Models/f02_blazer_020_m.fbx using Guid(467b658a27036334aa30939685ce6481) Importer(815301076,1909f56bfc062723c751e8b465ee728b) (PreviewImporter) -> (artifact id: '8d172418b32920d8e6c00255410a3088') in 0.0309676 seconds
Number of updated asset objects reloaded before import = 0Number of asset objects unloaded after import = 344

========================================================================
Received Import Request.
  Time since last request: 0.000028 seconds.
  path: Assets/OpenYandere/Models/Characters/Aoi/Mecanim/Models/f02_blazer_000_l.fbx
  artifactKey: Guid(adb78251d978af147b2c9246535c503b) Importer(815301076,1909f56bfc062723c751e8b465ee728b)
Start importing Assets/OpenYandere/Models/Characters/Aoi/Mecanim/Models/f02_blazer_000_l.fbx using Guid(adb78251d978af147b2c9246535c503b) Importer(815301076,1909f56bfc062723c751e8b465ee728b) (PreviewImporter) -> (artifact id: '5bed26dfdc8ba2500e3e1972e2158bbe') in 0.02805 seconds
Number of updated asset objects reloaded before import = 0Number of asset objects unloaded after import = 344

Editor requested this worker to shutdown with reason: Scaling down because of idle timeout
AssetImportWorker is now disconnected from the server
Process exiting
Exiting without the bug reporter. Application will terminate with return code 0