Using pre-set license
Built from 'trunk' branch; Version is '2023.3.0a5 (184a44300b92) revision 1591876'; Using compiler version '193431935'; Build Type 'Release'
OS: 'Windows 11  (10.0.22000) 64bit Core' Language: 'en' Physical Memory: 16160 MB
BatchMode: 1, IsHumanControllingUs: 0, StartBugReporterOnCrash: 0, Is64bit: 1, IsPro: 1

COMMAND LINE ARGUMENTS:
C:\Program Files\Unity\Hub\Editor\2023.3.0a5\Editor\Unity.exe
-adb2
-batchMode
-noUpm
-name
AssetImportWorker12
-projectPath
C:/Users/johns/OneDrive/Documents/GitHub/OpenYandere
-logFile
Logs/AssetImportWorker12.log
-srvPort
19760
-job-worker-count
5
-background-job-worker-count
8
-asset-garbage-collectors
1
Successfully changed project path to: C:/Users/johns/OneDrive/Documents/GitHub/OpenYandere
C:/Users/johns/OneDrive/Documents/GitHub/OpenYandere
[UnityMemory] Configuration Parameters - Can be set up in boot.config
    "memorysetup-bucket-allocator-granularity=16"
    "memorysetup-bucket-allocator-bucket-count=8"
    "memorysetup-bucket-allocator-block-size=33554432"
    "memorysetup-bucket-allocator-block-count=8"
    "memorysetup-main-allocator-block-size=16777216"
    "memorysetup-thread-allocator-block-size=16777216"
    "memorysetup-gfx-main-allocator-block-size=16777216"
    "memorysetup-gfx-thread-allocator-block-size=16777216"
    "memorysetup-cache-allocator-block-size=4194304"
    "memorysetup-typetree-allocator-block-size=2097152"
    "memorysetup-profiler-bucket-allocator-granularity=16"
    "memorysetup-profiler-bucket-allocator-bucket-count=8"
    "memorysetup-profiler-bucket-allocator-block-size=33554432"
    "memorysetup-profiler-bucket-allocator-block-count=8"
    "memorysetup-profiler-allocator-block-size=16777216"
    "memorysetup-profiler-editor-allocator-block-size=1048576"
    "memorysetup-temp-allocator-size-main=16777216"
    "memorysetup-job-temp-allocator-block-size=2097152"
    "memorysetup-job-temp-allocator-block-size-background=1048576"
    "memorysetup-job-temp-allocator-reduction-small-platforms=262144"
    "memorysetup-allocator-temp-initial-block-size-main=262144"
    "memorysetup-allocator-temp-initial-block-size-worker=262144"
    "memorysetup-temp-allocator-size-background-worker=32768"
    "memorysetup-temp-allocator-size-job-worker=262144"
    "memorysetup-temp-allocator-size-preload-manager=33554432"
    "memorysetup-temp-allocator-size-nav-mesh-worker=65536"
    "memorysetup-temp-allocator-size-audio-worker=65536"
    "memorysetup-temp-allocator-size-cloud-worker=32768"
    "memorysetup-temp-allocator-size-gi-baking-worker=262144"
    "memorysetup-temp-allocator-size-gi-baking-worker=262144"
    "memorysetup-temp-allocator-size-gi-baking-worker=262144"
    "memorysetup-temp-allocator-size-gi-baking-worker=262144"
    "memorysetup-temp-allocator-size-gi-baking-worker=262144"
    "memorysetup-temp-allocator-size-gfx=262144"
Player connection [31288] Host "[IP] 192.168.189.1 [Port] 0 [Flags] 2 [Guid] 627407206 [EditorId] 627407206 [Version] 1048832 [Id] WindowsEditor(7,dang) [Debug] 1 [PackageName] WindowsEditor [ProjectName] Editor" joined multi-casting on [225.0.0.222:54997]...
Player connection [31288] Host "[IP] 192.168.189.1 [Port] 0 [Flags] 2 [Guid] 627407206 [EditorId] 627407206 [Version] 1048832 [Id] WindowsEditor(7,dang) [Debug] 1 [PackageName] WindowsEditor [ProjectName] Editor" joined alternative multi-casting on [225.0.0.222:34997]...
JobSystem: Creating JobQueue using job-worker-count value 5
[Physics::Module] Initialized MultithreadedJobDispatcher with 5 workers.
Library Redirect Path: Library/
Refreshing native plugins compatible for Editor in 5.25 ms, found 2 plugins.
Preloading 0 native plugins for Editor in 0.00 ms.
Initialize engine version: 2023.3.0a5 (184a44300b92)
[Subsystems] Discovering subsystems at path C:/Program Files/Unity/Hub/Editor/2023.3.0a5/Editor/Data/Resources/UnitySubsystems
[Subsystems] Discovering subsystems at path C:/Users/johns/OneDrive/Documents/GitHub/OpenYandere/Assets
GfxDevice: creating device client; kGfxThreadingModeNonThreaded
Direct3D:
    Version:  Direct3D 11.0 [level 11.1]
    Renderer: NVIDIA GeForce GTX 1650 (ID=0x1f99)
    Vendor:   NVIDIA
    VRAM:     3950 MB
    Driver:   31.0.15.2852
Initialize mono
Mono path[0] = 'C:/Program Files/Unity/Hub/Editor/2023.3.0a5/Editor/Data/Managed'
Mono path[1] = 'C:/Program Files/Unity/Hub/Editor/2023.3.0a5/Editor/Data/MonoBleedingEdge/lib/mono/unityjit-win32'
Mono config path = 'C:/Program Files/Unity/Hub/Editor/2023.3.0a5/Editor/Data/MonoBleedingEdge/etc'
Using monoOptions --debugger-agent=transport=dt_socket,embedding=1,server=y,suspend=n,address=127.0.0.1:56096
Begin MonoManager ReloadAssembly
C:\build\output\Unity-Technologies\mono\mono\metadata\icall.c:1842:
C:\build\output\Unity-Technologies\mono\mono\metadata\icall.c:1842:
C:\build\output\Unity-Technologies\mono\mono\metadata\icall.c:1842:
C:\build\output\Unity-Technologies\mono\mono\metadata\icall.c:1842:
C:\build\output\Unity-Technologies\mono\mono\metadata\icall.c:1842:
C:\build\output\Unity-Technologies\mono\mono\metadata\icall.c:1842:
C:\build\output\Unity-Technologies\mono\mono\metadata\icall.c:1842:
C:\build\output\Unity-Technologies\mono\mono\metadata\icall.c:1842:
C:\build\output\Unity-Technologies\mono\mono\metadata\icall.c:1842:
C:\build\output\Unity-Technologies\mono\mono\metadata\icall.c:1842:
Registering precompiled unity dll's ...
Register platform support module: C:/Program Files/Unity/Hub/Editor/2023.3.0a5/Editor/Data/PlaybackEngines/WindowsStandaloneSupport/UnityEditor.WindowsStandalone.Extensions.dll
Registered in 0.003540 seconds.
- Loaded All Assemblies, in  0.475 seconds
Native extension for WindowsStandalone target not found
Mono: successfully reloaded assembly
C:\build\output\Unity-Technologies\mono\mono\metadata\icall.c:1842:
C:\build\output\Unity-Technologies\mono\mono\metadata\icall.c:1842:
- Finished resetting the current domain, in  0.382 seconds
Domain Reload Profiling: 855ms
	BeginReloadAssembly (156ms)
		ExecutionOrderSort (0ms)
		DisableScriptedObjects (0ms)
		BackupInstance (0ms)
		ReleaseScriptingObjects (0ms)
		CreateAndSetChildDomain (1ms)
	RebuildCommonClasses (44ms)
	RebuildNativeTypeToScriptingClass (14ms)
	initialDomainReloadingComplete (63ms)
	LoadAllAssembliesAndSetupDomain (195ms)
		LoadAssemblies (152ms)
		RebuildTransferFunctionScriptingTraits (0ms)
		AnalyzeDomain (193ms)
			TypeCache.Refresh (191ms)
				TypeCache.ScanAssembly (176ms)
			BuildScriptInfoCaches (0ms)
			ResolveRequiredComponents (0ms)
	FinalizeReload (382ms)
		ReleaseScriptCaches (0ms)
		RebuildScriptCaches (0ms)
		SetupLoadedEditorAssemblies (304ms)
			LogAssemblyErrors (0ms)
			InitializePlatformSupportModulesInManaged (12ms)
			SetLoadedEditorAssemblies (9ms)
			BeforeProcessingInitializeOnLoad (8ms)
			ProcessInitializeOnLoadAttributes (213ms)
			ProcessInitializeOnLoadMethodAttributes (61ms)
			AfterProcessingInitializeOnLoad (0ms)
			EditorAssembliesLoaded (0ms)
		ExecutionOrderSort2 (0ms)
		AwakeInstancesAfterBackupRestoration (0ms)
========================================================================
Worker process is ready to serve import requests
Import Worker Mode flag is 0x00
Begin MonoManager ReloadAssembly
C:\build\output\Unity-Technologies\mono\mono\metadata\icall.c:1842:
C:\build\output\Unity-Technologies\mono\mono\metadata\icall.c:1842:
C:\build\output\Unity-Technologies\mono\mono\metadata\icall.c:1842:
C:\build\output\Unity-Technologies\mono\mono\metadata\icall.c:1842:
C:\build\output\Unity-Technologies\mono\mono\metadata\icall.c:1842:
C:\build\output\Unity-Technologies\mono\mono\metadata\icall.c:1842:
C:\build\output\Unity-Technologies\mono\mono\metadata\icall.c:1842:
C:\build\output\Unity-Technologies\mono\mono\metadata\icall.c:1842:
C:\build\output\Unity-Technologies\mono\mono\metadata\icall.c:1842:
C:\build\output\Unity-Technologies\mono\mono\metadata\icall.c:1842:
C:\build\output\Unity-Technologies\mono\mono\metadata\icall.c:1842:
C:\build\output\Unity-Technologies\mono\mono\metadata\icall.c:1842:
Symbol file LoadedFromMemory is not a mono symbol file
- Loaded All Assemblies, in  1.225 seconds
Refreshing native plugins compatible for Editor in 4.15 ms, found 2 plugins.
Native extension for WindowsStandalone target not found
[MODES] ModeService[none].Initialize
[MODES] ModeService[none].LoadModes
[MODES] Loading mode Default (0) for mode-current-id-OpenYandere
Mono: successfully reloaded assembly
- Finished resetting the current domain, in  1.451 seconds
Domain Reload Profiling: 2670ms
	BeginReloadAssembly (410ms)
		ExecutionOrderSort (0ms)
		DisableScriptedObjects (3ms)
		BackupInstance (0ms)
		ReleaseScriptingObjects (0ms)
		CreateAndSetChildDomain (47ms)
	RebuildCommonClasses (37ms)
	RebuildNativeTypeToScriptingClass (15ms)
	initialDomainReloadingComplete (47ms)
	LoadAllAssembliesAndSetupDomain (709ms)
		LoadAssemblies (540ms)
		RebuildTransferFunctionScriptingTraits (0ms)
		AnalyzeDomain (283ms)
			TypeCache.Refresh (221ms)
				TypeCache.ScanAssembly (200ms)
			BuildScriptInfoCaches (45ms)
			ResolveRequiredComponents (13ms)
	FinalizeReload (1451ms)
		ReleaseScriptCaches (0ms)
		RebuildScriptCaches (0ms)
		SetupLoadedEditorAssemblies (1138ms)
			LogAssemblyErrors (0ms)
			InitializePlatformSupportModulesInManaged (4ms)
			SetLoadedEditorAssemblies (15ms)
			BeforeProcessingInitializeOnLoad (215ms)
			ProcessInitializeOnLoadAttributes (668ms)
			ProcessInitializeOnLoadMethodAttributes (229ms)
			AfterProcessingInitializeOnLoad (6ms)
			EditorAssembliesLoaded (0ms)
		ExecutionOrderSort2 (0ms)
		AwakeInstancesAfterBackupRestoration (7ms)
Launched and connected shader compiler UnityShaderCompiler.exe after 0.01 seconds
Refreshing native plugins compatible for Editor in 6.57 ms, found 2 plugins.
Preloading 0 native plugins for Editor in 0.00 ms.
Unloading 242 Unused Serialized files (Serialized files now loaded: 0)
Unloading 5593 unused Assets / (6.7 MB). Loaded Objects now: 6297.
Memory consumption went from 198.8 MB to 192.2 MB.
Total: 22.436700 ms (FindLiveObjects: 1.178300 ms CreateObjectMapping: 1.318700 ms MarkObjects: 14.961400 ms  DeleteObjects: 4.976600 ms)

========================================================================
Received Import Request.
  Time since last request: 28470.386982 seconds.
  path: Assets/OpenYandere/Animations/Enemy/left turn 90.fbx
  artifactKey: Guid(a18d3688197cd714f975f51f17acd7c5) Importer(815301076,1909f56bfc062723c751e8b465ee728b)
Start importing Assets/OpenYandere/Animations/Enemy/left turn 90.fbx using Guid(a18d3688197cd714f975f51f17acd7c5) Importer(815301076,1909f56bfc062723c751e8b465ee728b) (PreviewImporter) -> (artifact id: 'f63d85fd83c2aa6613d7b62087985a39') in 0.0549298 seconds
Number of updated asset objects reloaded before import = 0Number of asset objects unloaded after import = 135

========================================================================
Received Import Request.
  Time since last request: 242.360233 seconds.
  path: Assets/OpenYandere/Animations/Player/Great Sword Casting.fbx
  artifactKey: Guid(94e47fc373c2f9f44a72897e6bd173b2) Importer(815301076,1909f56bfc062723c751e8b465ee728b)
Start importing Assets/OpenYandere/Animations/Player/Great Sword Casting.fbx using Guid(94e47fc373c2f9f44a72897e6bd173b2) Importer(815301076,1909f56bfc062723c751e8b465ee728b) (PreviewImporter) -> (artifact id: '069f54b2f01645f3e3bc2a0015c57e05') in 0.0056697 seconds
Number of updated asset objects reloaded before import = 0Number of asset objects unloaded after import = 135

========================================================================
Received Import Request.
  Time since last request: 11.944206 seconds.
  path: Assets/OpenYandere/Animations/Player/Great Sword Casting.fbx
  artifactKey: Guid(94e47fc373c2f9f44a72897e6bd173b2) Importer(815301076,1909f56bfc062723c751e8b465ee728b)
Start importing Assets/OpenYandere/Animations/Player/Great Sword Casting.fbx using Guid(94e47fc373c2f9f44a72897e6bd173b2) Importer(815301076,1909f56bfc062723c751e8b465ee728b) (PreviewImporter) -> (artifact id: 'e5d2195789e9011b9c9dd690f37ec2fb') in 0.0054887 seconds
Number of updated asset objects reloaded before import = 0Number of asset objects unloaded after import = 137

========================================================================
Received Import Request.
  Time since last request: 33.627908 seconds.
  path: Assets/OpenYandere/Animations/Player/Attack3.anim
  artifactKey: Guid(d8d1337cf26c73845abed25f07b172d4) Importer(815301076,1909f56bfc062723c751e8b465ee728b)
Start importing Assets/OpenYandere/Animations/Player/Attack3.anim using Guid(d8d1337cf26c73845abed25f07b172d4) Importer(815301076,1909f56bfc062723c751e8b465ee728b) (PreviewImporter) -> (artifact id: 'b59d786a8e6ae8e534f4948deecbd0bb') in 0.0446953 seconds
Number of updated asset objects reloaded before import = 0Number of asset objects unloaded after import = 1

========================================================================
Received Import Request.
  Time since last request: 13.469449 seconds.
  path: Assets/OpenYandere/Animations/Player/DodgeLeft.anim
  artifactKey: Guid(2ad9fd2dfefee4e4097ffdce54c4e883) Importer(815301076,1909f56bfc062723c751e8b465ee728b)
Start importing Assets/OpenYandere/Animations/Player/DodgeLeft.anim using Guid(2ad9fd2dfefee4e4097ffdce54c4e883) Importer(815301076,1909f56bfc062723c751e8b465ee728b) (PreviewImporter) -> (artifact id: '569d17cbdc46dc9c5ffd4b9618f47b4b') in 0.0284964 seconds
Number of updated asset objects reloaded before import = 0Number of asset objects unloaded after import = 1

========================================================================
Received Import Request.
  Time since last request: 42.610672 seconds.
  path: Assets/OpenYandere/Animations/Clips
  artifactKey: Guid(9478ed46eb1dabc44a1eb268b24cbe33) Importer(815301076,1909f56bfc062723c751e8b465ee728b)
Start importing Assets/OpenYandere/Animations/Clips using Guid(9478ed46eb1dabc44a1eb268b24cbe33) Importer(815301076,1909f56bfc062723c751e8b465ee728b) (PreviewImporter) -> (artifact id: '72229bb38467a3ce50f72d150cc11c3b') in 0.0011245 seconds
Number of updated asset objects reloaded before import = 0Number of asset objects unloaded after import = 0

========================================================================
Received Import Request.
  Time since last request: 0.877569 seconds.
  path: Assets/OpenYandere/Animations/Clips/Dialogue Box
  artifactKey: Guid(b7c9e9ec09d51e24a923f49f107ed67b) Importer(815301076,1909f56bfc062723c751e8b465ee728b)
Start importing Assets/OpenYandere/Animations/Clips/Dialogue Box using Guid(b7c9e9ec09d51e24a923f49f107ed67b) Importer(815301076,1909f56bfc062723c751e8b465ee728b) (PreviewImporter) -> (artifact id: 'e5e53d45196a72a35ce45f5f947ef69d') in 0.0013423 seconds
Number of updated asset objects reloaded before import = 0Number of asset objects unloaded after import = 0

========================================================================
Received Import Request.
  Time since last request: 6.113149 seconds.
  path: Assets/OpenYandere/Animations/Player/Controller_Player.controller
  artifactKey: Guid(bc94158f10bd2884688ee51987f79fee) Importer(815301076,1909f56bfc062723c751e8b465ee728b)
Start importing Assets/OpenYandere/Animations/Player/Controller_Player.controller using Guid(bc94158f10bd2884688ee51987f79fee) Importer(815301076,1909f56bfc062723c751e8b465ee728b) (PreviewImporter) -> (artifact id: '8ffc9928dcc73a73db046107a4c4a096') in 0.1622613 seconds
Number of updated asset objects reloaded before import = 0Number of asset objects unloaded after import = 25

========================================================================
Received Import Request.
  Time since last request: 15.016107 seconds.
  path: Assets/OpenYandere/Animations/Controllers
  artifactKey: Guid(6b1998baf9f3c034f8ab94195f618436) Importer(815301076,1909f56bfc062723c751e8b465ee728b)
Start importing Assets/OpenYandere/Animations/Controllers using Guid(6b1998baf9f3c034f8ab94195f618436) Importer(815301076,1909f56bfc062723c751e8b465ee728b) (PreviewImporter) -> (artifact id: '4799a59f5fb36536e7c550d7ef0f8ccc') in 0.0008964 seconds
Number of updated asset objects reloaded before import = 0Number of asset objects unloaded after import = 0

========================================================================
Received Import Request.
  Time since last request: 2.177369 seconds.
  path: Assets/OpenYandere/Animations/Enemy
  artifactKey: Guid(89036abafb3e1834d9eb1dfdc14ed9cc) Importer(815301076,1909f56bfc062723c751e8b465ee728b)
Start importing Assets/OpenYandere/Animations/Enemy using Guid(89036abafb3e1834d9eb1dfdc14ed9cc) Importer(815301076,1909f56bfc062723c751e8b465ee728b) (PreviewImporter) -> (artifact id: '97b47148bb8bb453f1730c07b0595497') in 0.0009149 seconds
Number of updated asset objects reloaded before import = 0Number of asset objects unloaded after import = 0

========================================================================
Received Import Request.
  Time since last request: 1.480891 seconds.
  path: Assets/OpenYandere/Animations/Enemy/jump.fbx
  artifactKey: Guid(cb847a0291f516843a526151d51bb74c) Importer(815301076,1909f56bfc062723c751e8b465ee728b)
Start importing Assets/OpenYandere/Animations/Enemy/jump.fbx using Guid(cb847a0291f516843a526151d51bb74c) Importer(815301076,1909f56bfc062723c751e8b465ee728b) (PreviewImporter) -> (artifact id: '24aed96835d8de4885d6b576399d842b') in 0.0049247 seconds
Number of updated asset objects reloaded before import = 0Number of asset objects unloaded after import = 135

========================================================================
Received Import Request.
  Time since last request: 0.001497 seconds.
  path: Assets/OpenYandere/Animations/Enemy/right turn 90.fbx
  artifactKey: Guid(521f0b8e339b08a47b415b138638ee72) Importer(815301076,1909f56bfc062723c751e8b465ee728b)
Start importing Assets/OpenYandere/Animations/Enemy/right turn 90.fbx using Guid(521f0b8e339b08a47b415b138638ee72) Importer(815301076,1909f56bfc062723c751e8b465ee728b) (PreviewImporter) -> (artifact id: '6b4b06304c9e53c2ee80ed03c3ec3795') in 0.0047917 seconds
Number of updated asset objects reloaded before import = 0Number of asset objects unloaded after import = 135

========================================================================
Received Import Request.
  Time since last request: 74.279312 seconds.
  path: Assets/Plugins/StylizedSkybox/Textures/9175f2c 1.jpg
  artifactKey: Guid(655b821ac42d67045a0341d399216a85) Importer(815301076,1909f56bfc062723c751e8b465ee728b)
Start importing Assets/Plugins/StylizedSkybox/Textures/9175f2c 1.jpg using Guid(655b821ac42d67045a0341d399216a85) Importer(815301076,1909f56bfc062723c751e8b465ee728b) (PreviewImporter) -> (artifact id: '6e4478670789b72bcbd1f78a05cbb3c9') in 0.0511873 seconds
Number of updated asset objects reloaded before import = 0Number of asset objects unloaded after import = 2

========================================================================
Received Import Request.
  Time since last request: 0.000017 seconds.
  path: Assets/OpenYandere/Fonts/Arial/Arial SDF.asset
  artifactKey: Guid(6ee921841865c474083c4a6603ef6991) Importer(815301076,1909f56bfc062723c751e8b465ee728b)
Start importing Assets/OpenYandere/Fonts/Arial/Arial SDF.asset using Guid(6ee921841865c474083c4a6603ef6991) Importer(815301076,1909f56bfc062723c751e8b465ee728b) (PreviewImporter) -> (artifact id: 'bf2850c5b8bb1e07aa1fcd2dfb527ffd') in 0.5423625 seconds
Number of updated asset objects reloaded before import = 0Number of asset objects unloaded after import = 35

========================================================================
Received Import Request.
  Time since last request: 0.000033 seconds.
  path: Assets/Plugins/AmplifyColor/Plugins/Editor/Resources/effect-icon.png
  artifactKey: Guid(cde8652f320cde043a6c4f57aa6d242f) Importer(815301076,1909f56bfc062723c751e8b465ee728b)
Start importing Assets/Plugins/AmplifyColor/Plugins/Editor/Resources/effect-icon.png using Guid(cde8652f320cde043a6c4f57aa6d242f) Importer(815301076,1909f56bfc062723c751e8b465ee728b) (PreviewImporter) -> (artifact id: '7ad172c8b406123354ca4f949e6d74dc') in 0.0202303 seconds
Number of updated asset objects reloaded before import = 0Number of asset objects unloaded after import = 2

========================================================================
Received Import Request.
  Time since last request: 0.000041 seconds.
  path: Assets/Settings/Presets/Defaults/DirectionalLight_Default.preset
  artifactKey: Guid(463065d4f17d1d94d848aa127b94dd43) Importer(815301076,1909f56bfc062723c751e8b465ee728b)
Start importing Assets/Settings/Presets/Defaults/DirectionalLight_Default.preset using Guid(463065d4f17d1d94d848aa127b94dd43) Importer(815301076,1909f56bfc062723c751e8b465ee728b) (PreviewImporter) -> (artifact id: '09ae29427d12d124fc47eebe5203ea9e') in 0.0017136 seconds
Number of updated asset objects reloaded before import = 0Number of asset objects unloaded after import = 1

========================================================================
Received Import Request.
  Time since last request: 39.815568 seconds.
  path: Assets/OpenYandere/Materials/New Material.mat
  artifactKey: Guid(978a35d5cdd345340971a3e4338d046c) Importer(815301076,1909f56bfc062723c751e8b465ee728b)
Start importing Assets/OpenYandere/Materials/New Material.mat using Guid(978a35d5cdd345340971a3e4338d046c) Importer(815301076,1909f56bfc062723c751e8b465ee728b) (PreviewImporter) -> (artifact id: '0ed5ef96efcf5476790b87eaf405ad48') in 0.0361442 seconds
Number of updated asset objects reloaded before import = 0Number of asset objects unloaded after import = 24

========================================================================
Received Import Request.
  Time since last request: 8.111886 seconds.
  path: Assets/OpenYandere/Models/Characters/Aoi/_Textures/f02_apron_00_h.png
  artifactKey: Guid(a8844e3e671a3af4db7d70c6c908843a) Importer(815301076,1909f56bfc062723c751e8b465ee728b)
Start importing Assets/OpenYandere/Models/Characters/Aoi/_Textures/f02_apron_00_h.png using Guid(a8844e3e671a3af4db7d70c6c908843a) Importer(815301076,1909f56bfc062723c751e8b465ee728b) (PreviewImporter) -> (artifact id: '346f1fc2e995195662808d5d50d1ea10') in 0.0183539 seconds
Number of updated asset objects reloaded before import = 0Number of asset objects unloaded after import = 2

========================================================================
Received Import Request.
  Time since last request: 0.000024 seconds.
  path: Assets/OpenYandere/Models/Characters/Aoi/_Textures/f02_bathtowel_00_h.png
  artifactKey: Guid(511a0330570d0e241ac1b0f0002aa342) Importer(815301076,1909f56bfc062723c751e8b465ee728b)
Start importing Assets/OpenYandere/Models/Characters/Aoi/_Textures/f02_bathtowel_00_h.png using Guid(511a0330570d0e241ac1b0f0002aa342) Importer(815301076,1909f56bfc062723c751e8b465ee728b) (PreviewImporter) -> (artifact id: '96c5fdf8e3ac0c8b0650d146dbb2638c') in 0.017595 seconds
Number of updated asset objects reloaded before import = 0Number of asset objects unloaded after import = 2

========================================================================
Received Import Request.
  Time since last request: 0.008283 seconds.
  path: Assets/OpenYandere/Models/Characters/Aoi/_Textures/f02_bathtowel_01_h.png
  artifactKey: Guid(cf8d74ef6730c064d984c5455c143184) Importer(815301076,1909f56bfc062723c751e8b465ee728b)
Start importing Assets/OpenYandere/Models/Characters/Aoi/_Textures/f02_bathtowel_01_h.png using Guid(cf8d74ef6730c064d984c5455c143184) Importer(815301076,1909f56bfc062723c751e8b465ee728b) (PreviewImporter) -> (artifact id: '5fdc02abbade4c3299c29caa224380d1') in 0.0204653 seconds
Number of updated asset objects reloaded before import = 0Number of asset objects unloaded after import = 2

========================================================================
Received Import Request.
  Time since last request: 0.000602 seconds.
  path: Assets/OpenYandere/Models/Characters/Aoi/_Textures/f02_bathtowel_02_l.png
  artifactKey: Guid(8d217a1faba98c2498d5a07c869eba73) Importer(815301076,1909f56bfc062723c751e8b465ee728b)
Start importing Assets/OpenYandere/Models/Characters/Aoi/_Textures/f02_bathtowel_02_l.png using Guid(8d217a1faba98c2498d5a07c869eba73) Importer(815301076,1909f56bfc062723c751e8b465ee728b) (PreviewImporter) -> (artifact id: 'ca743397ee94b88f32817e0be7a19792') in 0.0193181 seconds
Number of updated asset objects reloaded before import = 0Number of asset objects unloaded after import = 2

========================================================================
Received Import Request.
  Time since last request: 0.000036 seconds.
  path: Assets/OpenYandere/Models/Characters/Aoi/_Textures/f02_blazer_010_h.png
  artifactKey: Guid(0d5426d86c5f69442b02b622a9008ddb) Importer(815301076,1909f56bfc062723c751e8b465ee728b)
Start importing Assets/OpenYandere/Models/Characters/Aoi/_Textures/f02_blazer_010_h.png using Guid(0d5426d86c5f69442b02b622a9008ddb) Importer(815301076,1909f56bfc062723c751e8b465ee728b) (PreviewImporter) -> (artifact id: '674701fe495a4cf4c5266046e11be15b') in 0.0196492 seconds
Number of updated asset objects reloaded before import = 0Number of asset objects unloaded after import = 2

========================================================================
Received Import Request.
  Time since last request: 0.000030 seconds.
  path: Assets/OpenYandere/Models/Characters/Aoi/_Textures/f02_blazer_020_m.png
  artifactKey: Guid(fa3e0468ef006cf43ac0624fabe395b8) Importer(815301076,1909f56bfc062723c751e8b465ee728b)
Start importing Assets/OpenYandere/Models/Characters/Aoi/_Textures/f02_blazer_020_m.png using Guid(fa3e0468ef006cf43ac0624fabe395b8) Importer(815301076,1909f56bfc062723c751e8b465ee728b) (PreviewImporter) -> (artifact id: 'c6c6cd62d961d0afae0dd1c83f41d2d1') in 0.0167992 seconds
Number of updated asset objects reloaded before import = 0Number of asset objects unloaded after import = 2

========================================================================
Received Import Request.
  Time since last request: 0.000023 seconds.
  path: Assets/OpenYandere/Models/Characters/Aoi/_Textures/f02_bathtowel_02_m.png
  artifactKey: Guid(25a788b242c49ff4eb012ae62a877d8f) Importer(815301076,1909f56bfc062723c751e8b465ee728b)
Start importing Assets/OpenYandere/Models/Characters/Aoi/_Textures/f02_bathtowel_02_m.png using Guid(25a788b242c49ff4eb012ae62a877d8f) Importer(815301076,1909f56bfc062723c751e8b465ee728b) (PreviewImporter) -> (artifact id: 'dd9ffefacafa91e5e2cad98b647d786c') in 0.0203879 seconds
Number of updated asset objects reloaded before import = 0Number of asset objects unloaded after import = 2

========================================================================
Received Import Request.
  Time since last request: 0.000049 seconds.
  path: Assets/OpenYandere/Models/Characters/Aoi/_Textures/f02_blazer_120_l.png
  artifactKey: Guid(45de792bdd1af804a9ca3b895cf20f9a) Importer(815301076,1909f56bfc062723c751e8b465ee728b)
Start importing Assets/OpenYandere/Models/Characters/Aoi/_Textures/f02_blazer_120_l.png using Guid(45de792bdd1af804a9ca3b895cf20f9a) Importer(815301076,1909f56bfc062723c751e8b465ee728b) (PreviewImporter) -> (artifact id: '5fc9f88b2ebb12f52199f7410f5f108a') in 0.0149683 seconds
Number of updated asset objects reloaded before import = 0Number of asset objects unloaded after import = 2

========================================================================
Received Import Request.
  Time since last request: 0.000032 seconds.
  path: Assets/OpenYandere/Models/Characters/Aoi/_Textures/f02_blazer_200_m.png
  artifactKey: Guid(80c9a9130fcc49447a4eefdbc6531ace) Importer(815301076,1909f56bfc062723c751e8b465ee728b)
Start importing Assets/OpenYandere/Models/Characters/Aoi/_Textures/f02_blazer_200_m.png using Guid(80c9a9130fcc49447a4eefdbc6531ace) Importer(815301076,1909f56bfc062723c751e8b465ee728b) (PreviewImporter) -> (artifact id: 'e7271a3fca72e1ddf950132af24249f8') in 0.0163601 seconds
Number of updated asset objects reloaded before import = 0Number of asset objects unloaded after import = 2

========================================================================
Received Import Request.
  Time since last request: 0.000036 seconds.
  path: Assets/OpenYandere/Models/Characters/Aoi/_Textures/f02_blazer_220_h.png
  artifactKey: Guid(b4657d067792414419d7b9349915b1c0) Importer(815301076,1909f56bfc062723c751e8b465ee728b)
Start importing Assets/OpenYandere/Models/Characters/Aoi/_Textures/f02_blazer_220_h.png using Guid(b4657d067792414419d7b9349915b1c0) Importer(815301076,1909f56bfc062723c751e8b465ee728b) (PreviewImporter) -> (artifact id: '5bb10cf65ff0696f6d0aeaaa391f568a') in 0.0179819 seconds
Number of updated asset objects reloaded before import = 0Number of asset objects unloaded after import = 2

========================================================================
Received Import Request.
  Time since last request: 0.000033 seconds.
  path: Assets/OpenYandere/Models/Characters/Aoi/_Textures/f02_blazer_300_l.png
  artifactKey: Guid(f3a07d7dc63f8d24e841fb92649bb95e) Importer(815301076,1909f56bfc062723c751e8b465ee728b)
Start importing Assets/OpenYandere/Models/Characters/Aoi/_Textures/f02_blazer_300_l.png using Guid(f3a07d7dc63f8d24e841fb92649bb95e) Importer(815301076,1909f56bfc062723c751e8b465ee728b) (PreviewImporter) -> (artifact id: '3d36348e7ac81c5eec0703a0e003b5c0') in 0.0148085 seconds
Number of updated asset objects reloaded before import = 0Number of asset objects unloaded after import = 2

========================================================================
Received Import Request.
  Time since last request: 0.000037 seconds.
  path: Assets/OpenYandere/Models/Characters/Aoi/_Textures/f02_blazer_300_h.png
  artifactKey: Guid(0d46e8a8ab614cd4ebed8af57ccc315f) Importer(815301076,1909f56bfc062723c751e8b465ee728b)
Start importing Assets/OpenYandere/Models/Characters/Aoi/_Textures/f02_blazer_300_h.png using Guid(0d46e8a8ab614cd4ebed8af57ccc315f) Importer(815301076,1909f56bfc062723c751e8b465ee728b) (PreviewImporter) -> (artifact id: 'e318f181c770a6b38933f4d0d583903c') in 0.0209001 seconds
Number of updated asset objects reloaded before import = 0Number of asset objects unloaded after import = 2

========================================================================
Received Import Request.
  Time since last request: 0.000029 seconds.
  path: Assets/OpenYandere/Models/Characters/Aoi/_Textures/f02_blazer_210_l.png
  artifactKey: Guid(d8a791edf73dcbf4ea6fc3e7cc363b00) Importer(815301076,1909f56bfc062723c751e8b465ee728b)
Start importing Assets/OpenYandere/Models/Characters/Aoi/_Textures/f02_blazer_210_l.png using Guid(d8a791edf73dcbf4ea6fc3e7cc363b00) Importer(815301076,1909f56bfc062723c751e8b465ee728b) (PreviewImporter) -> (artifact id: '602ee4d3134b5e55ee66f3fb6ce826de') in 0.0194856 seconds
Number of updated asset objects reloaded before import = 0Number of asset objects unloaded after import = 2

========================================================================
Received Import Request.
  Time since last request: 0.000065 seconds.
  path: Assets/OpenYandere/Models/Characters/Aoi/_Textures/f02_bathtowel_00_l.png
  artifactKey: Guid(e38023e8acdd8c945b7c862bb26c9394) Importer(815301076,1909f56bfc062723c751e8b465ee728b)
Start importing Assets/OpenYandere/Models/Characters/Aoi/_Textures/f02_bathtowel_00_l.png using Guid(e38023e8acdd8c945b7c862bb26c9394) Importer(815301076,1909f56bfc062723c751e8b465ee728b) (PreviewImporter) -> (artifact id: '30b21c979c8b0ca6b614ad4ea3a9ce65') in 0.0204653 seconds
Number of updated asset objects reloaded before import = 0Number of asset objects unloaded after import = 2

========================================================================
Received Import Request.
  Time since last request: 0.000023 seconds.
  path: Assets/OpenYandere/Models/Characters/Aoi/_Textures/f02_blazer_210_m.png
  artifactKey: Guid(c74b217bed7918c4d9c4e366bb25425a) Importer(815301076,1909f56bfc062723c751e8b465ee728b)
Start importing Assets/OpenYandere/Models/Characters/Aoi/_Textures/f02_blazer_210_m.png using Guid(c74b217bed7918c4d9c4e366bb25425a) Importer(815301076,1909f56bfc062723c751e8b465ee728b) (PreviewImporter) -> (artifact id: '70811f1dc4cf86146a3831d744c2ac58') in 0.0211343 seconds
Number of updated asset objects reloaded before import = 0Number of asset objects unloaded after import = 2

========================================================================
Received Import Request.
  Time since last request: 0.000222 seconds.
  path: Assets/OpenYandere/Models/Characters/Aoi/_Textures/f02_blazer_310_m.png
  artifactKey: Guid(3edee7e744b22cc43aa4a69bda36b7ca) Importer(815301076,1909f56bfc062723c751e8b465ee728b)
Start importing Assets/OpenYandere/Models/Characters/Aoi/_Textures/f02_blazer_310_m.png using Guid(3edee7e744b22cc43aa4a69bda36b7ca) Importer(815301076,1909f56bfc062723c751e8b465ee728b) (PreviewImporter) -> (artifact id: '4f4b20c8f733cea968398fa2e4b42616') in 0.0210398 seconds
Number of updated asset objects reloaded before import = 0Number of asset objects unloaded after import = 2

========================================================================
Received Import Request.
  Time since last request: 0.000031 seconds.
  path: Assets/OpenYandere/Models/Characters/Aoi/_Textures/f02_blazer_110_m.png
  artifactKey: Guid(fa0499fff8279e14c9fbb9890e46e6dd) Importer(815301076,1909f56bfc062723c751e8b465ee728b)
Start importing Assets/OpenYandere/Models/Characters/Aoi/_Textures/f02_blazer_110_m.png using Guid(fa0499fff8279e14c9fbb9890e46e6dd) Importer(815301076,1909f56bfc062723c751e8b465ee728b) (PreviewImporter) -> (artifact id: '89f0db23f4bc9640a1b5f0ec955e84e8') in 0.0182228 seconds
Number of updated asset objects reloaded before import = 0Number of asset objects unloaded after import = 2

========================================================================
Received Import Request.
  Time since last request: 0.000375 seconds.
  path: Assets/OpenYandere/Models/Characters/Aoi/_Materials/f02_bathtowel_00_m_s.mat
  artifactKey: Guid(acd938d79a464ac42a36db3fdc1140bd) Importer(815301076,1909f56bfc062723c751e8b465ee728b)
Start importing Assets/OpenYandere/Models/Characters/Aoi/_Materials/f02_bathtowel_00_m_s.mat using Guid(acd938d79a464ac42a36db3fdc1140bd) Importer(815301076,1909f56bfc062723c751e8b465ee728b) (PreviewImporter) -> (artifact id: '979f93bcc8eafde64383d62dcdf3beb1') in 0.0226432 seconds
Number of updated asset objects reloaded before import = 0Number of asset objects unloaded after import = 24

========================================================================
Received Import Request.
  Time since last request: 0.000049 seconds.
  path: Assets/OpenYandere/Models/Characters/Aoi/_Materials/f02_blazer_100_h_c.mat
  artifactKey: Guid(e0d9789703f66d741bf34a9b9878698d) Importer(815301076,1909f56bfc062723c751e8b465ee728b)
Start importing Assets/OpenYandere/Models/Characters/Aoi/_Materials/f02_blazer_100_h_c.mat using Guid(e0d9789703f66d741bf34a9b9878698d) Importer(815301076,1909f56bfc062723c751e8b465ee728b) (PreviewImporter) -> (artifact id: '7d9704f4eee5dc17715a2d9a038759d9') in 0.0237245 seconds
Number of updated asset objects reloaded before import = 0Number of asset objects unloaded after import = 24

========================================================================
Received Import Request.
  Time since last request: 0.000054 seconds.
  path: Assets/OpenYandere/Models/Characters/Aoi/_Materials/f02_bathtowel_01_m_c.mat
  artifactKey: Guid(dc02863efb2e1c44bb9c832582085fe9) Importer(815301076,1909f56bfc062723c751e8b465ee728b)
Start importing Assets/OpenYandere/Models/Characters/Aoi/_Materials/f02_bathtowel_01_m_c.mat using Guid(dc02863efb2e1c44bb9c832582085fe9) Importer(815301076,1909f56bfc062723c751e8b465ee728b) (PreviewImporter) -> (artifact id: '0e610420b59f38c4c6cda3ad8f6966a3') in 0.0201977 seconds
Number of updated asset objects reloaded before import = 0Number of asset objects unloaded after import = 24

========================================================================
Received Import Request.
  Time since last request: 0.000025 seconds.
  path: Assets/OpenYandere/Models/Characters/Aoi/_Materials/f02_bathtowel_01_l_s.mat
  artifactKey: Guid(2bdf0b51019350940b1dda9d31d9b187) Importer(815301076,1909f56bfc062723c751e8b465ee728b)
Start importing Assets/OpenYandere/Models/Characters/Aoi/_Materials/f02_bathtowel_01_l_s.mat using Guid(2bdf0b51019350940b1dda9d31d9b187) Importer(815301076,1909f56bfc062723c751e8b465ee728b) (PreviewImporter) -> (artifact id: 'aa861945a3ac5515b656d3ff47ac9042') in 0.015953 seconds
Number of updated asset objects reloaded before import = 0Number of asset objects unloaded after import = 24

========================================================================
Received Import Request.
  Time since last request: 0.000032 seconds.
  path: Assets/OpenYandere/Models/Characters/Aoi/_Materials/f02_bathtowel_01_h_c.mat
  artifactKey: Guid(926ca4264da993d42bcabb555479ca76) Importer(815301076,1909f56bfc062723c751e8b465ee728b)
Start importing Assets/OpenYandere/Models/Characters/Aoi/_Materials/f02_bathtowel_01_h_c.mat using Guid(926ca4264da993d42bcabb555479ca76) Importer(815301076,1909f56bfc062723c751e8b465ee728b) (PreviewImporter) -> (artifact id: 'dd7e6946396dadc7b8c495d3a9f1aa02') in 0.0248798 seconds
Number of updated asset objects reloaded before import = 0Number of asset objects unloaded after import = 24

========================================================================
Received Import Request.
  Time since last request: 0.000038 seconds.
  path: Assets/OpenYandere/Models/Characters/Aoi/_Materials/f02_bathtowel_01_h_s.mat
  artifactKey: Guid(9302f0bc4c70ae140b70ffdb9adf9829) Importer(815301076,1909f56bfc062723c751e8b465ee728b)
Start importing Assets/OpenYandere/Models/Characters/Aoi/_Materials/f02_bathtowel_01_h_s.mat using Guid(9302f0bc4c70ae140b70ffdb9adf9829) Importer(815301076,1909f56bfc062723c751e8b465ee728b) (PreviewImporter) -> (artifact id: '5bb473247453df5226fd8ed7d9da7f28') in 0.0187318 seconds
Number of updated asset objects reloaded before import = 0Number of asset objects unloaded after import = 24

========================================================================
Received Import Request.
  Time since last request: 0.000050 seconds.
  path: Assets/OpenYandere/Models/Characters/Aoi/_Materials/f02_blazer_020_h_s.mat
  artifactKey: Guid(dc119fdb7307d4845ad8d86c0b9a8098) Importer(815301076,1909f56bfc062723c751e8b465ee728b)
Start importing Assets/OpenYandere/Models/Characters/Aoi/_Materials/f02_blazer_020_h_s.mat using Guid(dc119fdb7307d4845ad8d86c0b9a8098) Importer(815301076,1909f56bfc062723c751e8b465ee728b) (PreviewImporter) -> (artifact id: '82fe4d79fa771da540dfd10770338c17') in 0.0235448 seconds
Number of updated asset objects reloaded before import = 0Number of asset objects unloaded after import = 24

========================================================================
Received Import Request.
  Time since last request: 0.000042 seconds.
  path: Assets/OpenYandere/Models/Characters/Aoi/_Materials/f02_blazer_010_l_s.mat
  artifactKey: Guid(197b833ff0b4a6849b7616705fef45a1) Importer(815301076,1909f56bfc062723c751e8b465ee728b)
Start importing Assets/OpenYandere/Models/Characters/Aoi/_Materials/f02_blazer_010_l_s.mat using Guid(197b833ff0b4a6849b7616705fef45a1) Importer(815301076,1909f56bfc062723c751e8b465ee728b) (PreviewImporter) -> (artifact id: '64a51f53574f3b5155204dd3cf36e6e8') in 0.0328033 seconds
Number of updated asset objects reloaded before import = 0Number of asset objects unloaded after import = 24

========================================================================
Received Import Request.
  Time since last request: 0.000033 seconds.
  path: Assets/OpenYandere/Models/Characters/Aoi/_Materials/f02_bathtowel_01_m_s.mat
  artifactKey: Guid(79e41159947d6f745b3357c316db5c4d) Importer(815301076,1909f56bfc062723c751e8b465ee728b)
Start importing Assets/OpenYandere/Models/Characters/Aoi/_Materials/f02_bathtowel_01_m_s.mat using Guid(79e41159947d6f745b3357c316db5c4d) Importer(815301076,1909f56bfc062723c751e8b465ee728b) (PreviewImporter) -> (artifact id: 'e30b11b60fc3bf931d9682ab62192545') in 0.022326 seconds
Number of updated asset objects reloaded before import = 0Number of asset objects unloaded after import = 24

========================================================================
Received Import Request.
  Time since last request: 0.000075 seconds.
  path: Assets/OpenYandere/Models/Characters/Aoi/_Materials/f02_blazer_000_h_c.mat
  artifactKey: Guid(7b7c4a5034ba7204781968e0bab14ee8) Importer(815301076,1909f56bfc062723c751e8b465ee728b)
Start importing Assets/OpenYandere/Models/Characters/Aoi/_Materials/f02_blazer_000_h_c.mat using Guid(7b7c4a5034ba7204781968e0bab14ee8) Importer(815301076,1909f56bfc062723c751e8b465ee728b) (PreviewImporter) -> (artifact id: '0c26fb40d5ef267de1225df69bb432da') in 0.0322344 seconds
Number of updated asset objects reloaded before import = 0Number of asset objects unloaded after import = 24

========================================================================
Received Import Request.
  Time since last request: 0.000055 seconds.
  path: Assets/OpenYandere/Models/Characters/Aoi/_Materials/f02_apron_00_l_s.mat
  artifactKey: Guid(7f0fb9c6a31c0c74daf647a40408a12c) Importer(815301076,1909f56bfc062723c751e8b465ee728b)
Start importing Assets/OpenYandere/Models/Characters/Aoi/_Materials/f02_apron_00_l_s.mat using Guid(7f0fb9c6a31c0c74daf647a40408a12c) Importer(815301076,1909f56bfc062723c751e8b465ee728b) (PreviewImporter) -> (artifact id: '28db7a244c2abcd5b830145cdbffb24b') in 0.0273445 seconds
Number of updated asset objects reloaded before import = 0Number of asset objects unloaded after import = 24

========================================================================
Received Import Request.
  Time since last request: 0.000031 seconds.
  path: Assets/OpenYandere/Models/Characters/Aoi/_Materials/f02_apron_00_m_s.mat
  artifactKey: Guid(a5d9676873a89394eae94f91aa75bd16) Importer(815301076,1909f56bfc062723c751e8b465ee728b)
Start importing Assets/OpenYandere/Models/Characters/Aoi/_Materials/f02_apron_00_m_s.mat using Guid(a5d9676873a89394eae94f91aa75bd16) Importer(815301076,1909f56bfc062723c751e8b465ee728b) (PreviewImporter) -> (artifact id: '4e5b6bb28b74e76be082293a6ddd8106') in 0.020945 seconds
Number of updated asset objects reloaded before import = 0Number of asset objects unloaded after import = 24

========================================================================
Received Import Request.
  Time since last request: 0.000033 seconds.
  path: Assets/OpenYandere/Models/Characters/Aoi/_Materials/f02_blazer_000_l_s.mat
  artifactKey: Guid(f9b9c2011f4b0844f8377041f13d8e7a) Importer(815301076,1909f56bfc062723c751e8b465ee728b)
Start importing Assets/OpenYandere/Models/Characters/Aoi/_Materials/f02_blazer_000_l_s.mat using Guid(f9b9c2011f4b0844f8377041f13d8e7a) Importer(815301076,1909f56bfc062723c751e8b465ee728b) (PreviewImporter) -> (artifact id: 'f8debcf221ef34497ff32f08791a10dd') in 0.0200596 seconds
Number of updated asset objects reloaded before import = 0Number of asset objects unloaded after import = 24

========================================================================
Received Import Request.
  Time since last request: 0.000024 seconds.
  path: Assets/OpenYandere/Models/Characters/Aoi/_Materials/f02_blazer_010_m_s.mat
  artifactKey: Guid(fbeda657e66a4bf4f89e8ca6fe90c914) Importer(815301076,1909f56bfc062723c751e8b465ee728b)
Start importing Assets/OpenYandere/Models/Characters/Aoi/_Materials/f02_blazer_010_m_s.mat using Guid(fbeda657e66a4bf4f89e8ca6fe90c914) Importer(815301076,1909f56bfc062723c751e8b465ee728b) (PreviewImporter) -> (artifact id: '32ac6a0d38a915c75806f9f8f091e56b') in 0.0250574 seconds
Number of updated asset objects reloaded before import = 0Number of asset objects unloaded after import = 24

========================================================================
Received Import Request.
  Time since last request: 0.000060 seconds.
  path: Assets/OpenYandere/Models/Characters/Aoi/_Materials/f02_blazer_000_l_c.mat
  artifactKey: Guid(f2d07829d2bbdbe458e7f37768be17c3) Importer(815301076,1909f56bfc062723c751e8b465ee728b)
Start importing Assets/OpenYandere/Models/Characters/Aoi/_Materials/f02_blazer_000_l_c.mat using Guid(f2d07829d2bbdbe458e7f37768be17c3) Importer(815301076,1909f56bfc062723c751e8b465ee728b) (PreviewImporter) -> (artifact id: '0e29ec3a7eda46735b47850c38aa5b8b') in 0.023498 seconds
Number of updated asset objects reloaded before import = 0Number of asset objects unloaded after import = 24

========================================================================
Received Import Request.
  Time since last request: 0.000026 seconds.
  path: Assets/OpenYandere/Models/Characters/Aoi/_Materials/f02_blazer_020_m_s.mat
  artifactKey: Guid(46aec3ea1d57c1941a7d73a21e3dcd3f) Importer(815301076,1909f56bfc062723c751e8b465ee728b)
Start importing Assets/OpenYandere/Models/Characters/Aoi/_Materials/f02_blazer_020_m_s.mat using Guid(46aec3ea1d57c1941a7d73a21e3dcd3f) Importer(815301076,1909f56bfc062723c751e8b465ee728b) (PreviewImporter) -> (artifact id: '0475b4dc37ff60a3964b28129baf2acc') in 0.0223621 seconds
Number of updated asset objects reloaded before import = 0Number of asset objects unloaded after import = 24

========================================================================
Received Import Request.
  Time since last request: 0.000045 seconds.
  path: Assets/OpenYandere/Models/Characters/Aoi/_Materials/f02_blazer_010_m_c.mat
  artifactKey: Guid(732b32fb194f51a41b7e9643fb5b04a1) Importer(815301076,1909f56bfc062723c751e8b465ee728b)
Start importing Assets/OpenYandere/Models/Characters/Aoi/_Materials/f02_blazer_010_m_c.mat using Guid(732b32fb194f51a41b7e9643fb5b04a1) Importer(815301076,1909f56bfc062723c751e8b465ee728b) (PreviewImporter) -> (artifact id: 'bd5f325e0927e0ae2d4632f157fe2382') in 0.0218011 seconds
Number of updated asset objects reloaded before import = 0Number of asset objects unloaded after import = 24

========================================================================
Received Import Request.
  Time since last request: 0.000032 seconds.
  path: Assets/OpenYandere/Models/Characters/Aoi/_Materials/f02_blazer_010_l_c.mat
  artifactKey: Guid(5b42350bf20788e4eaaf7a218b90a4ce) Importer(815301076,1909f56bfc062723c751e8b465ee728b)
Start importing Assets/OpenYandere/Models/Characters/Aoi/_Materials/f02_blazer_010_l_c.mat using Guid(5b42350bf20788e4eaaf7a218b90a4ce) Importer(815301076,1909f56bfc062723c751e8b465ee728b) (PreviewImporter) -> (artifact id: '59d394c2246bc54863f06eb074fe2c72') in 0.0184374 seconds
Number of updated asset objects reloaded before import = 0Number of asset objects unloaded after import = 24

========================================================================
Received Import Request.
  Time since last request: 0.000023 seconds.
  path: Assets/OpenYandere/Models/Characters/Aoi/_Materials/f02_blazer_020_m_c.mat
  artifactKey: Guid(479d32d2ce0e5da4f937d7cef3c70c6e) Importer(815301076,1909f56bfc062723c751e8b465ee728b)
Start importing Assets/OpenYandere/Models/Characters/Aoi/_Materials/f02_blazer_020_m_c.mat using Guid(479d32d2ce0e5da4f937d7cef3c70c6e) Importer(815301076,1909f56bfc062723c751e8b465ee728b) (PreviewImporter) -> (artifact id: 'b715cdeb631feda136f4247a3cbc8468') in 0.0248526 seconds
Number of updated asset objects reloaded before import = 0Number of asset objects unloaded after import = 24

========================================================================
Received Import Request.
  Time since last request: 0.000032 seconds.
  path: Assets/OpenYandere/Models/Characters/Aoi/_Materials/f02_blazer_100_l_s.mat
  artifactKey: Guid(b49f079c3e875b5409b722588a2f145a) Importer(815301076,1909f56bfc062723c751e8b465ee728b)
Start importing Assets/OpenYandere/Models/Characters/Aoi/_Materials/f02_blazer_100_l_s.mat using Guid(b49f079c3e875b5409b722588a2f145a) Importer(815301076,1909f56bfc062723c751e8b465ee728b) (PreviewImporter) -> (artifact id: 'c8c415ec9937e03b814d9df066c453e8') in 0.0188489 seconds
Number of updated asset objects reloaded before import = 0Number of asset objects unloaded after import = 24

Editor requested this worker to shutdown with reason: Scaling down because of idle timeout
AssetImportWorker is now disconnected from the server
Process exiting
Exiting without the bug reporter. Application will terminate with return code 0